Performing C SOURCE FILE Test HAVE_GCC_PREFERRED_STACK_BOUNDARY failed with the following output:
Change Dir: /home/martin/Work/libs/SDL2-2.0.10/build/CMakeFiles/CMakeTmp

Run Build Command:"/usr/bin/make" "cmTC_ae76d/fast"
/usr/bin/make -f CMakeFiles/cmTC_ae76d.dir/build.make CMakeFiles/cmTC_ae76d.dir/build
make[1]: Entering directory '/home/martin/Work/libs/SDL2-2.0.10/build/CMakeFiles/CMakeTmp'
Building C object CMakeFiles/cmTC_ae76d.dir/src.c.o
/usr/bin/cc   -g -O3 -idirafter /home/martin/Work/libs/SDL2-2.0.10/src/video/khronos -DHAVE_GCC_PREFERRED_STACK_BOUNDARY -mpreferred-stack-boundary=2   -o CMakeFiles/cmTC_ae76d.dir/src.c.o   -c /home/martin/Work/libs/SDL2-2.0.10/build/CMakeFiles/CMakeTmp/src.c
cc1: error: -mpreferred-stack-boundary=2 is not between 3 and 12
CMakeFiles/cmTC_ae76d.dir/build.make:65: recipe for target 'CMakeFiles/cmTC_ae76d.dir/src.c.o' failed
make[1]: *** [CMakeFiles/cmTC_ae76d.dir/src.c.o] Error 1
make[1]: Leaving directory '/home/martin/Work/libs/SDL2-2.0.10/build/CMakeFiles/CMakeTmp'
Makefile:126: recipe for target 'cmTC_ae76d/fast' failed
make: *** [cmTC_ae76d/fast] Error 2

Source file was:
int x = 0; int main(int argc, char **argv) {}
Performing C SOURCE FILE Test HAVE_ALTIVEC_H_HDR failed with the following output:
Change Dir: /home/martin/Work/libs/SDL2-2.0.10/build/CMakeFiles/CMakeTmp

Run Build Command:"/usr/bin/make" "cmTC_52f21/fast"
/usr/bin/make -f CMakeFiles/cmTC_52f21.dir/build.make CMakeFiles/cmTC_52f21.dir/build
make[1]: Entering directory '/home/martin/Work/libs/SDL2-2.0.10/build/CMakeFiles/CMakeTmp'
Building C object CMakeFiles/cmTC_52f21.dir/src.c.o
/usr/bin/cc   -g -O3 -idirafter /home/martin/Work/libs/SDL2-2.0.10/src/video/khronos -DHAVE_ALTIVEC_H_HDR -maltivec   -o CMakeFiles/cmTC_52f21.dir/src.c.o   -c /home/martin/Work/libs/SDL2-2.0.10/build/CMakeFiles/CMakeTmp/src.c
cc: error: unrecognized command line option ‘-maltivec’; did you mean ‘-mglibc’?
CMakeFiles/cmTC_52f21.dir/build.make:65: recipe for target 'CMakeFiles/cmTC_52f21.dir/src.c.o' failed
make[1]: *** [CMakeFiles/cmTC_52f21.dir/src.c.o] Error 1
make[1]: Leaving directory '/home/martin/Work/libs/SDL2-2.0.10/build/CMakeFiles/CMakeTmp'
Makefile:126: recipe for target 'cmTC_52f21/fast' failed
make: *** [cmTC_52f21/fast] Error 2

Source file was:

          #include <altivec.h>
          vector unsigned int vzero() {
              return vec_splat_u32(0);
          }
          int main(int argc, char **argv) { }
Performing C SOURCE FILE Test HAVE_ALTIVEC failed with the following output:
Change Dir: /home/martin/Work/libs/SDL2-2.0.10/build/CMakeFiles/CMakeTmp

Run Build Command:"/usr/bin/make" "cmTC_4309f/fast"
/usr/bin/make -f CMakeFiles/cmTC_4309f.dir/build.make CMakeFiles/cmTC_4309f.dir/build
make[1]: Entering directory '/home/martin/Work/libs/SDL2-2.0.10/build/CMakeFiles/CMakeTmp'
Building C object CMakeFiles/cmTC_4309f.dir/src.c.o
/usr/bin/cc   -g -O3 -idirafter /home/martin/Work/libs/SDL2-2.0.10/src/video/khronos -DHAVE_ALTIVEC -maltivec   -o CMakeFiles/cmTC_4309f.dir/src.c.o   -c /home/martin/Work/libs/SDL2-2.0.10/build/CMakeFiles/CMakeTmp/src.c
cc: error: unrecognized command line option ‘-maltivec’; did you mean ‘-mglibc’?
CMakeFiles/cmTC_4309f.dir/build.make:65: recipe for target 'CMakeFiles/cmTC_4309f.dir/src.c.o' failed
make[1]: *** [CMakeFiles/cmTC_4309f.dir/src.c.o] Error 1
make[1]: Leaving directory '/home/martin/Work/libs/SDL2-2.0.10/build/CMakeFiles/CMakeTmp'
Makefile:126: recipe for target 'cmTC_4309f/fast' failed
make: *** [cmTC_4309f/fast] Error 2

Source file was:

          vector unsigned int vzero() {
              return vec_splat_u32(0);
          }
          int main(int argc, char **argv) { }
Determining if the include file libunwind.h exists failed with the following output:
Change Dir: /home/martin/Work/libs/SDL2-2.0.10/build/CMakeFiles/CMakeTmp

Run Build Command:"/usr/bin/make" "cmTC_a3c40/fast"
/usr/bin/make -f CMakeFiles/cmTC_a3c40.dir/build.make CMakeFiles/cmTC_a3c40.dir/build
make[1]: Entering directory '/home/martin/Work/libs/SDL2-2.0.10/build/CMakeFiles/CMakeTmp'
Building C object CMakeFiles/cmTC_a3c40.dir/CheckIncludeFile.c.o
/usr/bin/cc   -g -O3 -idirafter /home/martin/Work/libs/SDL2-2.0.10/src/video/khronos    -o CMakeFiles/cmTC_a3c40.dir/CheckIncludeFile.c.o   -c /home/martin/Work/libs/SDL2-2.0.10/build/CMakeFiles/CMakeTmp/CheckIncludeFile.c
/home/martin/Work/libs/SDL2-2.0.10/build/CMakeFiles/CMakeTmp/CheckIncludeFile.c:1:10: fatal error: libunwind.h: No such file or directory
 #include <libunwind.h>
          ^~~~~~~~~~~~~
compilation terminated.
CMakeFiles/cmTC_a3c40.dir/build.make:65: recipe for target 'CMakeFiles/cmTC_a3c40.dir/CheckIncludeFile.c.o' failed
make[1]: *** [CMakeFiles/cmTC_a3c40.dir/CheckIncludeFile.c.o] Error 1
make[1]: Leaving directory '/home/martin/Work/libs/SDL2-2.0.10/build/CMakeFiles/CMakeTmp'
Makefile:126: recipe for target 'cmTC_a3c40/fast' failed
make: *** [cmTC_a3c40/fast] Error 2


Determining if the function strlcpy exists failed with the following output:
Change Dir: /home/martin/Work/libs/SDL2-2.0.10/build/CMakeFiles/CMakeTmp

Run Build Command:"/usr/bin/make" "cmTC_100c1/fast"
/usr/bin/make -f CMakeFiles/cmTC_100c1.dir/build.make CMakeFiles/cmTC_100c1.dir/build
make[1]: Entering directory '/home/martin/Work/libs/SDL2-2.0.10/build/CMakeFiles/CMakeTmp'
Building C object CMakeFiles/cmTC_100c1.dir/CheckFunctionExists.c.o
/usr/bin/cc   -g -O3 -idirafter /home/martin/Work/libs/SDL2-2.0.10/src/video/khronos -DCHECK_FUNCTION_EXISTS=strlcpy   -o CMakeFiles/cmTC_100c1.dir/CheckFunctionExists.c.o   -c /usr/share/cmake-3.10/Modules/CheckFunctionExists.c
Linking C executable cmTC_100c1
/usr/bin/cmake -E cmake_link_script CMakeFiles/cmTC_100c1.dir/link.txt --verbose=1
/usr/bin/cc -g -O3 -idirafter /home/martin/Work/libs/SDL2-2.0.10/src/video/khronos -DCHECK_FUNCTION_EXISTS=strlcpy    -rdynamic CMakeFiles/cmTC_100c1.dir/CheckFunctionExists.c.o  -o cmTC_100c1 
CMakeFiles/cmTC_100c1.dir/CheckFunctionExists.c.o: In function `main':
/usr/share/cmake-3.10/Modules/CheckFunctionExists.c:17: undefined reference to `strlcpy'
collect2: error: ld returned 1 exit status
CMakeFiles/cmTC_100c1.dir/build.make:97: recipe for target 'cmTC_100c1' failed
make[1]: *** [cmTC_100c1] Error 1
make[1]: Leaving directory '/home/martin/Work/libs/SDL2-2.0.10/build/CMakeFiles/CMakeTmp'
Makefile:126: recipe for target 'cmTC_100c1/fast' failed
make: *** [cmTC_100c1/fast] Error 2


Determining if the function strlcat exists failed with the following output:
Change Dir: /home/martin/Work/libs/SDL2-2.0.10/build/CMakeFiles/CMakeTmp

Run Build Command:"/usr/bin/make" "cmTC_c9bc6/fast"
/usr/bin/make -f CMakeFiles/cmTC_c9bc6.dir/build.make CMakeFiles/cmTC_c9bc6.dir/build
make[1]: Entering directory '/home/martin/Work/libs/SDL2-2.0.10/build/CMakeFiles/CMakeTmp'
Building C object CMakeFiles/cmTC_c9bc6.dir/CheckFunctionExists.c.o
/usr/bin/cc   -g -O3 -idirafter /home/martin/Work/libs/SDL2-2.0.10/src/video/khronos -DCHECK_FUNCTION_EXISTS=strlcat   -o CMakeFiles/cmTC_c9bc6.dir/CheckFunctionExists.c.o   -c /usr/share/cmake-3.10/Modules/CheckFunctionExists.c
Linking C executable cmTC_c9bc6
/usr/bin/cmake -E cmake_link_script CMakeFiles/cmTC_c9bc6.dir/link.txt --verbose=1
/usr/bin/cc -g -O3 -idirafter /home/martin/Work/libs/SDL2-2.0.10/src/video/khronos -DCHECK_FUNCTION_EXISTS=strlcat    -rdynamic CMakeFiles/cmTC_c9bc6.dir/CheckFunctionExists.c.o  -o cmTC_c9bc6 
CMakeFiles/cmTC_c9bc6.dir/CheckFunctionExists.c.o: In function `main':
/usr/share/cmake-3.10/Modules/CheckFunctionExists.c:17: undefined reference to `strlcat'
collect2: error: ld returned 1 exit status
CMakeFiles/cmTC_c9bc6.dir/build.make:97: recipe for target 'cmTC_c9bc6' failed
make[1]: *** [cmTC_c9bc6] Error 1
make[1]: Leaving directory '/home/martin/Work/libs/SDL2-2.0.10/build/CMakeFiles/CMakeTmp'
Makefile:126: recipe for target 'cmTC_c9bc6/fast' failed
make: *** [cmTC_c9bc6/fast] Error 2


Determining if the function _strrev exists failed with the following output:
Change Dir: /home/martin/Work/libs/SDL2-2.0.10/build/CMakeFiles/CMakeTmp

Run Build Command:"/usr/bin/make" "cmTC_424cc/fast"
/usr/bin/make -f CMakeFiles/cmTC_424cc.dir/build.make CMakeFiles/cmTC_424cc.dir/build
make[1]: Entering directory '/home/martin/Work/libs/SDL2-2.0.10/build/CMakeFiles/CMakeTmp'
Building C object CMakeFiles/cmTC_424cc.dir/CheckFunctionExists.c.o
/usr/bin/cc   -g -O3 -idirafter /home/martin/Work/libs/SDL2-2.0.10/src/video/khronos -DCHECK_FUNCTION_EXISTS=_strrev   -o CMakeFiles/cmTC_424cc.dir/CheckFunctionExists.c.o   -c /usr/share/cmake-3.10/Modules/CheckFunctionExists.c
Linking C executable cmTC_424cc
/usr/bin/cmake -E cmake_link_script CMakeFiles/cmTC_424cc.dir/link.txt --verbose=1
/usr/bin/cc -g -O3 -idirafter /home/martin/Work/libs/SDL2-2.0.10/src/video/khronos -DCHECK_FUNCTION_EXISTS=_strrev    -rdynamic CMakeFiles/cmTC_424cc.dir/CheckFunctionExists.c.o  -o cmTC_424cc 
CMakeFiles/cmTC_424cc.dir/CheckFunctionExists.c.o: In function `main':
/usr/share/cmake-3.10/Modules/CheckFunctionExists.c:17: undefined reference to `_strrev'
collect2: error: ld returned 1 exit status
CMakeFiles/cmTC_424cc.dir/build.make:97: recipe for target 'cmTC_424cc' failed
make[1]: *** [cmTC_424cc] Error 1
make[1]: Leaving directory '/home/martin/Work/libs/SDL2-2.0.10/build/CMakeFiles/CMakeTmp'
Makefile:126: recipe for target 'cmTC_424cc/fast' failed
make: *** [cmTC_424cc/fast] Error 2


Determining if the function _strupr exists failed with the following output:
Change Dir: /home/martin/Work/libs/SDL2-2.0.10/build/CMakeFiles/CMakeTmp

Run Build Command:"/usr/bin/make" "cmTC_c871b/fast"
/usr/bin/make -f CMakeFiles/cmTC_c871b.dir/build.make CMakeFiles/cmTC_c871b.dir/build
make[1]: Entering directory '/home/martin/Work/libs/SDL2-2.0.10/build/CMakeFiles/CMakeTmp'
Building C object CMakeFiles/cmTC_c871b.dir/CheckFunctionExists.c.o
/usr/bin/cc   -g -O3 -idirafter /home/martin/Work/libs/SDL2-2.0.10/src/video/khronos -DCHECK_FUNCTION_EXISTS=_strupr   -o CMakeFiles/cmTC_c871b.dir/CheckFunctionExists.c.o   -c /usr/share/cmake-3.10/Modules/CheckFunctionExists.c
Linking C executable cmTC_c871b
/usr/bin/cmake -E cmake_link_script CMakeFiles/cmTC_c871b.dir/link.txt --verbose=1
/usr/bin/cc -g -O3 -idirafter /home/martin/Work/libs/SDL2-2.0.10/src/video/khronos -DCHECK_FUNCTION_EXISTS=_strupr    -rdynamic CMakeFiles/cmTC_c871b.dir/CheckFunctionExists.c.o  -o cmTC_c871b 
CMakeFiles/cmTC_c871b.dir/CheckFunctionExists.c.o: In function `main':
/usr/share/cmake-3.10/Modules/CheckFunctionExists.c:17: undefined reference to `_strupr'
collect2: error: ld returned 1 exit status
CMakeFiles/cmTC_c871b.dir/build.make:97: recipe for target 'cmTC_c871b' failed
make[1]: *** [cmTC_c871b] Error 1
make[1]: Leaving directory '/home/martin/Work/libs/SDL2-2.0.10/build/CMakeFiles/CMakeTmp'
Makefile:126: recipe for target 'cmTC_c871b/fast' failed
make: *** [cmTC_c871b/fast] Error 2


Determining if the function _strlwr exists failed with the following output:
Change Dir: /home/martin/Work/libs/SDL2-2.0.10/build/CMakeFiles/CMakeTmp

Run Build Command:"/usr/bin/make" "cmTC_8e809/fast"
/usr/bin/make -f CMakeFiles/cmTC_8e809.dir/build.make CMakeFiles/cmTC_8e809.dir/build
make[1]: Entering directory '/home/martin/Work/libs/SDL2-2.0.10/build/CMakeFiles/CMakeTmp'
Building C object CMakeFiles/cmTC_8e809.dir/CheckFunctionExists.c.o
/usr/bin/cc   -g -O3 -idirafter /home/martin/Work/libs/SDL2-2.0.10/src/video/khronos -DCHECK_FUNCTION_EXISTS=_strlwr   -o CMakeFiles/cmTC_8e809.dir/CheckFunctionExists.c.o   -c /usr/share/cmake-3.10/Modules/CheckFunctionExists.c
Linking C executable cmTC_8e809
/usr/bin/cmake -E cmake_link_script CMakeFiles/cmTC_8e809.dir/link.txt --verbose=1
/usr/bin/cc -g -O3 -idirafter /home/martin/Work/libs/SDL2-2.0.10/src/video/khronos -DCHECK_FUNCTION_EXISTS=_strlwr    -rdynamic CMakeFiles/cmTC_8e809.dir/CheckFunctionExists.c.o  -o cmTC_8e809 
CMakeFiles/cmTC_8e809.dir/CheckFunctionExists.c.o: In function `main':
/usr/share/cmake-3.10/Modules/CheckFunctionExists.c:17: undefined reference to `_strlwr'
collect2: error: ld returned 1 exit status
CMakeFiles/cmTC_8e809.dir/build.make:97: recipe for target 'cmTC_8e809' failed
make[1]: *** [cmTC_8e809] Error 1
make[1]: Leaving directory '/home/martin/Work/libs/SDL2-2.0.10/build/CMakeFiles/CMakeTmp'
Makefile:126: recipe for target 'cmTC_8e809/fast' failed
make: *** [cmTC_8e809/fast] Error 2


Determining if the function itoa exists failed with the following output:
Change Dir: /home/martin/Work/libs/SDL2-2.0.10/build/CMakeFiles/CMakeTmp

Run Build Command:"/usr/bin/make" "cmTC_822ff/fast"
/usr/bin/make -f CMakeFiles/cmTC_822ff.dir/build.make CMakeFiles/cmTC_822ff.dir/build
make[1]: Entering directory '/home/martin/Work/libs/SDL2-2.0.10/build/CMakeFiles/CMakeTmp'
Building C object CMakeFiles/cmTC_822ff.dir/CheckFunctionExists.c.o
/usr/bin/cc   -g -O3 -idirafter /home/martin/Work/libs/SDL2-2.0.10/src/video/khronos -DCHECK_FUNCTION_EXISTS=itoa   -o CMakeFiles/cmTC_822ff.dir/CheckFunctionExists.c.o   -c /usr/share/cmake-3.10/Modules/CheckFunctionExists.c
Linking C executable cmTC_822ff
/usr/bin/cmake -E cmake_link_script CMakeFiles/cmTC_822ff.dir/link.txt --verbose=1
/usr/bin/cc -g -O3 -idirafter /home/martin/Work/libs/SDL2-2.0.10/src/video/khronos -DCHECK_FUNCTION_EXISTS=itoa    -rdynamic CMakeFiles/cmTC_822ff.dir/CheckFunctionExists.c.o  -o cmTC_822ff 
CMakeFiles/cmTC_822ff.dir/CheckFunctionExists.c.o: In function `main':
/usr/share/cmake-3.10/Modules/CheckFunctionExists.c:17: undefined reference to `itoa'
collect2: error: ld returned 1 exit status
CMakeFiles/cmTC_822ff.dir/build.make:97: recipe for target 'cmTC_822ff' failed
make[1]: *** [cmTC_822ff] Error 1
make[1]: Leaving directory '/home/martin/Work/libs/SDL2-2.0.10/build/CMakeFiles/CMakeTmp'
Makefile:126: recipe for target 'cmTC_822ff/fast' failed
make: *** [cmTC_822ff/fast] Error 2


Determining if the function _ltoa exists failed with the following output:
Change Dir: /home/martin/Work/libs/SDL2-2.0.10/build/CMakeFiles/CMakeTmp

Run Build Command:"/usr/bin/make" "cmTC_6c20a/fast"
/usr/bin/make -f CMakeFiles/cmTC_6c20a.dir/build.make CMakeFiles/cmTC_6c20a.dir/build
make[1]: Entering directory '/home/martin/Work/libs/SDL2-2.0.10/build/CMakeFiles/CMakeTmp'
Building C object CMakeFiles/cmTC_6c20a.dir/CheckFunctionExists.c.o
/usr/bin/cc   -g -O3 -idirafter /home/martin/Work/libs/SDL2-2.0.10/src/video/khronos -DCHECK_FUNCTION_EXISTS=_ltoa   -o CMakeFiles/cmTC_6c20a.dir/CheckFunctionExists.c.o   -c /usr/share/cmake-3.10/Modules/CheckFunctionExists.c
Linking C executable cmTC_6c20a
/usr/bin/cmake -E cmake_link_script CMakeFiles/cmTC_6c20a.dir/link.txt --verbose=1
/usr/bin/cc -g -O3 -idirafter /home/martin/Work/libs/SDL2-2.0.10/src/video/khronos -DCHECK_FUNCTION_EXISTS=_ltoa    -rdynamic CMakeFiles/cmTC_6c20a.dir/CheckFunctionExists.c.o  -o cmTC_6c20a 
CMakeFiles/cmTC_6c20a.dir/CheckFunctionExists.c.o: In function `main':
/usr/share/cmake-3.10/Modules/CheckFunctionExists.c:17: undefined reference to `_ltoa'
collect2: error: ld returned 1 exit status
CMakeFiles/cmTC_6c20a.dir/build.make:97: recipe for target 'cmTC_6c20a' failed
make[1]: *** [cmTC_6c20a] Error 1
make[1]: Leaving directory '/home/martin/Work/libs/SDL2-2.0.10/build/CMakeFiles/CMakeTmp'
Makefile:126: recipe for target 'cmTC_6c20a/fast' failed
make: *** [cmTC_6c20a/fast] Error 2


Determining if the function _uitoa exists failed with the following output:
Change Dir: /home/martin/Work/libs/SDL2-2.0.10/build/CMakeFiles/CMakeTmp

Run Build Command:"/usr/bin/make" "cmTC_62fe5/fast"
/usr/bin/make -f CMakeFiles/cmTC_62fe5.dir/build.make CMakeFiles/cmTC_62fe5.dir/build
make[1]: Entering directory '/home/martin/Work/libs/SDL2-2.0.10/build/CMakeFiles/CMakeTmp'
Building C object CMakeFiles/cmTC_62fe5.dir/CheckFunctionExists.c.o
/usr/bin/cc   -g -O3 -idirafter /home/martin/Work/libs/SDL2-2.0.10/src/video/khronos -DCHECK_FUNCTION_EXISTS=_uitoa   -o CMakeFiles/cmTC_62fe5.dir/CheckFunctionExists.c.o   -c /usr/share/cmake-3.10/Modules/CheckFunctionExists.c
Linking C executable cmTC_62fe5
/usr/bin/cmake -E cmake_link_script CMakeFiles/cmTC_62fe5.dir/link.txt --verbose=1
/usr/bin/cc -g -O3 -idirafter /home/martin/Work/libs/SDL2-2.0.10/src/video/khronos -DCHECK_FUNCTION_EXISTS=_uitoa    -rdynamic CMakeFiles/cmTC_62fe5.dir/CheckFunctionExists.c.o  -o cmTC_62fe5 
CMakeFiles/cmTC_62fe5.dir/CheckFunctionExists.c.o: In function `main':
/usr/share/cmake-3.10/Modules/CheckFunctionExists.c:17: undefined reference to `_uitoa'
collect2: error: ld returned 1 exit status
CMakeFiles/cmTC_62fe5.dir/build.make:97: recipe for target 'cmTC_62fe5' failed
make[1]: *** [cmTC_62fe5] Error 1
make[1]: Leaving directory '/home/martin/Work/libs/SDL2-2.0.10/build/CMakeFiles/CMakeTmp'
Makefile:126: recipe for target 'cmTC_62fe5/fast' failed
make: *** [cmTC_62fe5/fast] Error 2


Determining if the function _ultoa exists failed with the following output:
Change Dir: /home/martin/Work/libs/SDL2-2.0.10/build/CMakeFiles/CMakeTmp

Run Build Command:"/usr/bin/make" "cmTC_d0c13/fast"
/usr/bin/make -f CMakeFiles/cmTC_d0c13.dir/build.make CMakeFiles/cmTC_d0c13.dir/build
make[1]: Entering directory '/home/martin/Work/libs/SDL2-2.0.10/build/CMakeFiles/CMakeTmp'
Building C object CMakeFiles/cmTC_d0c13.dir/CheckFunctionExists.c.o
/usr/bin/cc   -g -O3 -idirafter /home/martin/Work/libs/SDL2-2.0.10/src/video/khronos -DCHECK_FUNCTION_EXISTS=_ultoa   -o CMakeFiles/cmTC_d0c13.dir/CheckFunctionExists.c.o   -c /usr/share/cmake-3.10/Modules/CheckFunctionExists.c
Linking C executable cmTC_d0c13
/usr/bin/cmake -E cmake_link_script CMakeFiles/cmTC_d0c13.dir/link.txt --verbose=1
/usr/bin/cc -g -O3 -idirafter /home/martin/Work/libs/SDL2-2.0.10/src/video/khronos -DCHECK_FUNCTION_EXISTS=_ultoa    -rdynamic CMakeFiles/cmTC_d0c13.dir/CheckFunctionExists.c.o  -o cmTC_d0c13 
CMakeFiles/cmTC_d0c13.dir/CheckFunctionExists.c.o: In function `main':
/usr/share/cmake-3.10/Modules/CheckFunctionExists.c:17: undefined reference to `_ultoa'
collect2: error: ld returned 1 exit status
CMakeFiles/cmTC_d0c13.dir/build.make:97: recipe for target 'cmTC_d0c13' failed
make[1]: *** [cmTC_d0c13] Error 1
make[1]: Leaving directory '/home/martin/Work/libs/SDL2-2.0.10/build/CMakeFiles/CMakeTmp'
Makefile:126: recipe for target 'cmTC_d0c13/fast' failed
make: *** [cmTC_d0c13/fast] Error 2


Determining if the function _i64toa exists failed with the following output:
Change Dir: /home/martin/Work/libs/SDL2-2.0.10/build/CMakeFiles/CMakeTmp

Run Build Command:"/usr/bin/make" "cmTC_e2cde/fast"
/usr/bin/make -f CMakeFiles/cmTC_e2cde.dir/build.make CMakeFiles/cmTC_e2cde.dir/build
make[1]: Entering directory '/home/martin/Work/libs/SDL2-2.0.10/build/CMakeFiles/CMakeTmp'
Building C object CMakeFiles/cmTC_e2cde.dir/CheckFunctionExists.c.o
/usr/bin/cc   -g -O3 -idirafter /home/martin/Work/libs/SDL2-2.0.10/src/video/khronos -DCHECK_FUNCTION_EXISTS=_i64toa   -o CMakeFiles/cmTC_e2cde.dir/CheckFunctionExists.c.o   -c /usr/share/cmake-3.10/Modules/CheckFunctionExists.c
Linking C executable cmTC_e2cde
/usr/bin/cmake -E cmake_link_script CMakeFiles/cmTC_e2cde.dir/link.txt --verbose=1
/usr/bin/cc -g -O3 -idirafter /home/martin/Work/libs/SDL2-2.0.10/src/video/khronos -DCHECK_FUNCTION_EXISTS=_i64toa    -rdynamic CMakeFiles/cmTC_e2cde.dir/CheckFunctionExists.c.o  -o cmTC_e2cde 
CMakeFiles/cmTC_e2cde.dir/CheckFunctionExists.c.o: In function `main':
/usr/share/cmake-3.10/Modules/CheckFunctionExists.c:17: undefined reference to `_i64toa'
collect2: error: ld returned 1 exit status
CMakeFiles/cmTC_e2cde.dir/build.make:97: recipe for target 'cmTC_e2cde' failed
make[1]: *** [cmTC_e2cde] Error 1
make[1]: Leaving directory '/home/martin/Work/libs/SDL2-2.0.10/build/CMakeFiles/CMakeTmp'
Makefile:126: recipe for target 'cmTC_e2cde/fast' failed
make: *** [cmTC_e2cde/fast] Error 2


Determining if the function _ui64toa exists failed with the following output:
Change Dir: /home/martin/Work/libs/SDL2-2.0.10/build/CMakeFiles/CMakeTmp

Run Build Command:"/usr/bin/make" "cmTC_0ee78/fast"
/usr/bin/make -f CMakeFiles/cmTC_0ee78.dir/build.make CMakeFiles/cmTC_0ee78.dir/build
make[1]: Entering directory '/home/martin/Work/libs/SDL2-2.0.10/build/CMakeFiles/CMakeTmp'
Building C object CMakeFiles/cmTC_0ee78.dir/CheckFunctionExists.c.o
/usr/bin/cc   -g -O3 -idirafter /home/martin/Work/libs/SDL2-2.0.10/src/video/khronos -DCHECK_FUNCTION_EXISTS=_ui64toa   -o CMakeFiles/cmTC_0ee78.dir/CheckFunctionExists.c.o   -c /usr/share/cmake-3.10/Modules/CheckFunctionExists.c
Linking C executable cmTC_0ee78
/usr/bin/cmake -E cmake_link_script CMakeFiles/cmTC_0ee78.dir/link.txt --verbose=1
/usr/bin/cc -g -O3 -idirafter /home/martin/Work/libs/SDL2-2.0.10/src/video/khronos -DCHECK_FUNCTION_EXISTS=_ui64toa    -rdynamic CMakeFiles/cmTC_0ee78.dir/CheckFunctionExists.c.o  -o cmTC_0ee78 
CMakeFiles/cmTC_0ee78.dir/CheckFunctionExists.c.o: In function `main':
/usr/share/cmake-3.10/Modules/CheckFunctionExists.c:17: undefined reference to `_ui64toa'
collect2: error: ld returned 1 exit status
CMakeFiles/cmTC_0ee78.dir/build.make:97: recipe for target 'cmTC_0ee78' failed
make[1]: *** [cmTC_0ee78] Error 1
make[1]: Leaving directory '/home/martin/Work/libs/SDL2-2.0.10/build/CMakeFiles/CMakeTmp'
Makefile:126: recipe for target 'cmTC_0ee78/fast' failed
make: *** [cmTC_0ee78/fast] Error 2


Determining if the function _stricmp exists failed with the following output:
Change Dir: /home/martin/Work/libs/SDL2-2.0.10/build/CMakeFiles/CMakeTmp

Run Build Command:"/usr/bin/make" "cmTC_6d0ac/fast"
/usr/bin/make -f CMakeFiles/cmTC_6d0ac.dir/build.make CMakeFiles/cmTC_6d0ac.dir/build
make[1]: Entering directory '/home/martin/Work/libs/SDL2-2.0.10/build/CMakeFiles/CMakeTmp'
Building C object CMakeFiles/cmTC_6d0ac.dir/CheckFunctionExists.c.o
/usr/bin/cc   -g -O3 -idirafter /home/martin/Work/libs/SDL2-2.0.10/src/video/khronos -DCHECK_FUNCTION_EXISTS=_stricmp   -o CMakeFiles/cmTC_6d0ac.dir/CheckFunctionExists.c.o   -c /usr/share/cmake-3.10/Modules/CheckFunctionExists.c
Linking C executable cmTC_6d0ac
/usr/bin/cmake -E cmake_link_script CMakeFiles/cmTC_6d0ac.dir/link.txt --verbose=1
/usr/bin/cc -g -O3 -idirafter /home/martin/Work/libs/SDL2-2.0.10/src/video/khronos -DCHECK_FUNCTION_EXISTS=_stricmp    -rdynamic CMakeFiles/cmTC_6d0ac.dir/CheckFunctionExists.c.o  -o cmTC_6d0ac 
CMakeFiles/cmTC_6d0ac.dir/CheckFunctionExists.c.o: In function `main':
/usr/share/cmake-3.10/Modules/CheckFunctionExists.c:17: undefined reference to `_stricmp'
collect2: error: ld returned 1 exit status
CMakeFiles/cmTC_6d0ac.dir/build.make:97: recipe for target 'cmTC_6d0ac' failed
make[1]: *** [cmTC_6d0ac] Error 1
make[1]: Leaving directory '/home/martin/Work/libs/SDL2-2.0.10/build/CMakeFiles/CMakeTmp'
Makefile:126: recipe for target 'cmTC_6d0ac/fast' failed
make: *** [cmTC_6d0ac/fast] Error 2


Determining if the function _strnicmp exists failed with the following output:
Change Dir: /home/martin/Work/libs/SDL2-2.0.10/build/CMakeFiles/CMakeTmp

Run Build Command:"/usr/bin/make" "cmTC_660a1/fast"
/usr/bin/make -f CMakeFiles/cmTC_660a1.dir/build.make CMakeFiles/cmTC_660a1.dir/build
make[1]: Entering directory '/home/martin/Work/libs/SDL2-2.0.10/build/CMakeFiles/CMakeTmp'
Building C object CMakeFiles/cmTC_660a1.dir/CheckFunctionExists.c.o
/usr/bin/cc   -g -O3 -idirafter /home/martin/Work/libs/SDL2-2.0.10/src/video/khronos -DCHECK_FUNCTION_EXISTS=_strnicmp   -o CMakeFiles/cmTC_660a1.dir/CheckFunctionExists.c.o   -c /usr/share/cmake-3.10/Modules/CheckFunctionExists.c
Linking C executable cmTC_660a1
/usr/bin/cmake -E cmake_link_script CMakeFiles/cmTC_660a1.dir/link.txt --verbose=1
/usr/bin/cc -g -O3 -idirafter /home/martin/Work/libs/SDL2-2.0.10/src/video/khronos -DCHECK_FUNCTION_EXISTS=_strnicmp    -rdynamic CMakeFiles/cmTC_660a1.dir/CheckFunctionExists.c.o  -o cmTC_660a1 
CMakeFiles/cmTC_660a1.dir/CheckFunctionExists.c.o: In function `main':
/usr/share/cmake-3.10/Modules/CheckFunctionExists.c:17: undefined reference to `_strnicmp'
collect2: error: ld returned 1 exit status
CMakeFiles/cmTC_660a1.dir/build.make:97: recipe for target 'cmTC_660a1' failed
make[1]: *** [cmTC_660a1] Error 1
make[1]: Leaving directory '/home/martin/Work/libs/SDL2-2.0.10/build/CMakeFiles/CMakeTmp'
Makefile:126: recipe for target 'cmTC_660a1/fast' failed
make: *** [cmTC_660a1/fast] Error 2


Determining if the function sysctlbyname exists failed with the following output:
Change Dir: /home/martin/Work/libs/SDL2-2.0.10/build/CMakeFiles/CMakeTmp

Run Build Command:"/usr/bin/make" "cmTC_0076a/fast"
/usr/bin/make -f CMakeFiles/cmTC_0076a.dir/build.make CMakeFiles/cmTC_0076a.dir/build
make[1]: Entering directory '/home/martin/Work/libs/SDL2-2.0.10/build/CMakeFiles/CMakeTmp'
Building C object CMakeFiles/cmTC_0076a.dir/CheckFunctionExists.c.o
/usr/bin/cc   -g -O3 -idirafter /home/martin/Work/libs/SDL2-2.0.10/src/video/khronos -DCHECK_FUNCTION_EXISTS=sysctlbyname   -o CMakeFiles/cmTC_0076a.dir/CheckFunctionExists.c.o   -c /usr/share/cmake-3.10/Modules/CheckFunctionExists.c
Linking C executable cmTC_0076a
/usr/bin/cmake -E cmake_link_script CMakeFiles/cmTC_0076a.dir/link.txt --verbose=1
/usr/bin/cc -g -O3 -idirafter /home/martin/Work/libs/SDL2-2.0.10/src/video/khronos -DCHECK_FUNCTION_EXISTS=sysctlbyname    -rdynamic CMakeFiles/cmTC_0076a.dir/CheckFunctionExists.c.o  -o cmTC_0076a 
CMakeFiles/cmTC_0076a.dir/CheckFunctionExists.c.o: In function `main':
/usr/share/cmake-3.10/Modules/CheckFunctionExists.c:17: undefined reference to `sysctlbyname'
collect2: error: ld returned 1 exit status
CMakeFiles/cmTC_0076a.dir/build.make:97: recipe for target 'cmTC_0076a' failed
make[1]: *** [cmTC_0076a] Error 1
make[1]: Leaving directory '/home/martin/Work/libs/SDL2-2.0.10/build/CMakeFiles/CMakeTmp'
Makefile:126: recipe for target 'cmTC_0076a/fast' failed
make: *** [cmTC_0076a/fast] Error 2


Determining if the function iconv_open exists in the iconv failed with the following output:
Change Dir: /home/martin/Work/libs/SDL2-2.0.10/build/CMakeFiles/CMakeTmp

Run Build Command:"/usr/bin/make" "cmTC_864c1/fast"
/usr/bin/make -f CMakeFiles/cmTC_864c1.dir/build.make CMakeFiles/cmTC_864c1.dir/build
make[1]: Entering directory '/home/martin/Work/libs/SDL2-2.0.10/build/CMakeFiles/CMakeTmp'
Building C object CMakeFiles/cmTC_864c1.dir/CheckFunctionExists.c.o
/usr/bin/cc   -g -O3 -idirafter /home/martin/Work/libs/SDL2-2.0.10/src/video/khronos -DCHECK_FUNCTION_EXISTS=iconv_open   -o CMakeFiles/cmTC_864c1.dir/CheckFunctionExists.c.o   -c /usr/share/cmake-3.10/Modules/CheckFunctionExists.c
Linking C executable cmTC_864c1
/usr/bin/cmake -E cmake_link_script CMakeFiles/cmTC_864c1.dir/link.txt --verbose=1
/usr/bin/cc -g -O3 -idirafter /home/martin/Work/libs/SDL2-2.0.10/src/video/khronos -DCHECK_FUNCTION_EXISTS=iconv_open    -rdynamic CMakeFiles/cmTC_864c1.dir/CheckFunctionExists.c.o  -o cmTC_864c1 -liconv 
/usr/bin/ld: cannot find -liconv
collect2: error: ld returned 1 exit status
CMakeFiles/cmTC_864c1.dir/build.make:97: recipe for target 'cmTC_864c1' failed
make[1]: *** [cmTC_864c1] Error 1
make[1]: Leaving directory '/home/martin/Work/libs/SDL2-2.0.10/build/CMakeFiles/CMakeTmp'
Makefile:126: recipe for target 'cmTC_864c1/fast' failed
make: *** [cmTC_864c1/fast] Error 2


Determining if the function alloca exists failed with the following output:
Change Dir: /home/martin/Work/libs/SDL2-2.0.10/build/CMakeFiles/CMakeTmp

Run Build Command:"/usr/bin/make" "cmTC_6d642/fast"
/usr/bin/make -f CMakeFiles/cmTC_6d642.dir/build.make CMakeFiles/cmTC_6d642.dir/build
make[1]: Entering directory '/home/martin/Work/libs/SDL2-2.0.10/build/CMakeFiles/CMakeTmp'
Building C object CMakeFiles/cmTC_6d642.dir/CheckFunctionExists.c.o
/usr/bin/cc   -g -O3 -idirafter /home/martin/Work/libs/SDL2-2.0.10/src/video/khronos -DCHECK_FUNCTION_EXISTS=alloca   -o CMakeFiles/cmTC_6d642.dir/CheckFunctionExists.c.o   -c /usr/share/cmake-3.10/Modules/CheckFunctionExists.c
<command-line>:0:23: warning: conflicting types for built-in function ‘alloca’ [-Wbuiltin-declaration-mismatch]
/usr/share/cmake-3.10/Modules/CheckFunctionExists.c:7:3: note: in expansion of macro ‘CHECK_FUNCTION_EXISTS’
   CHECK_FUNCTION_EXISTS(void);
   ^~~~~~~~~~~~~~~~~~~~~
Linking C executable cmTC_6d642
/usr/bin/cmake -E cmake_link_script CMakeFiles/cmTC_6d642.dir/link.txt --verbose=1
/usr/bin/cc -g -O3 -idirafter /home/martin/Work/libs/SDL2-2.0.10/src/video/khronos -DCHECK_FUNCTION_EXISTS=alloca    -rdynamic CMakeFiles/cmTC_6d642.dir/CheckFunctionExists.c.o  -o cmTC_6d642 
CMakeFiles/cmTC_6d642.dir/CheckFunctionExists.c.o: In function `main':
/usr/share/cmake-3.10/Modules/CheckFunctionExists.c:17: undefined reference to `alloca'
collect2: error: ld returned 1 exit status
CMakeFiles/cmTC_6d642.dir/build.make:97: recipe for target 'cmTC_6d642' failed
make[1]: *** [cmTC_6d642] Error 1
make[1]: Leaving directory '/home/martin/Work/libs/SDL2-2.0.10/build/CMakeFiles/CMakeTmp'
Makefile:126: recipe for target 'cmTC_6d642/fast' failed
make: *** [cmTC_6d642/fast] Error 2


Determining if the function dlopen exists failed with the following output:
Change Dir: /home/martin/Work/libs/SDL2-2.0.10/build/CMakeFiles/CMakeTmp

Run Build Command:"/usr/bin/make" "cmTC_b8bbd/fast"
/usr/bin/make -f CMakeFiles/cmTC_b8bbd.dir/build.make CMakeFiles/cmTC_b8bbd.dir/build
make[1]: Entering directory '/home/martin/Work/libs/SDL2-2.0.10/build/CMakeFiles/CMakeTmp'
Building C object CMakeFiles/cmTC_b8bbd.dir/CheckFunctionExists.c.o
/usr/bin/cc   -g -O3 -idirafter /home/martin/Work/libs/SDL2-2.0.10/src/video/khronos -DCHECK_FUNCTION_EXISTS=dlopen   -o CMakeFiles/cmTC_b8bbd.dir/CheckFunctionExists.c.o   -c /usr/share/cmake-3.10/Modules/CheckFunctionExists.c
Linking C executable cmTC_b8bbd
/usr/bin/cmake -E cmake_link_script CMakeFiles/cmTC_b8bbd.dir/link.txt --verbose=1
/usr/bin/cc -g -O3 -idirafter /home/martin/Work/libs/SDL2-2.0.10/src/video/khronos -DCHECK_FUNCTION_EXISTS=dlopen    -rdynamic CMakeFiles/cmTC_b8bbd.dir/CheckFunctionExists.c.o  -o cmTC_b8bbd 
CMakeFiles/cmTC_b8bbd.dir/CheckFunctionExists.c.o: In function `main':
/usr/share/cmake-3.10/Modules/CheckFunctionExists.c:17: undefined reference to `dlopen'
collect2: error: ld returned 1 exit status
CMakeFiles/cmTC_b8bbd.dir/build.make:97: recipe for target 'cmTC_b8bbd' failed
make[1]: *** [cmTC_b8bbd] Error 1
make[1]: Leaving directory '/home/martin/Work/libs/SDL2-2.0.10/build/CMakeFiles/CMakeTmp'
Makefile:126: recipe for target 'cmTC_b8bbd/fast' failed
make: *** [cmTC_b8bbd/fast] Error 2


Determining if the include file alsa/asoundlib.h exists failed with the following output:
Change Dir: /home/martin/Work/libs/SDL2-2.0.10/build/CMakeFiles/CMakeTmp

Run Build Command:"/usr/bin/make" "cmTC_5a128/fast"
/usr/bin/make -f CMakeFiles/cmTC_5a128.dir/build.make CMakeFiles/cmTC_5a128.dir/build
make[1]: Entering directory '/home/martin/Work/libs/SDL2-2.0.10/build/CMakeFiles/CMakeTmp'
Building C object CMakeFiles/cmTC_5a128.dir/CheckIncludeFile.c.o
/usr/bin/cc   -g -O3 -idirafter /home/martin/Work/libs/SDL2-2.0.10/src/video/khronos    -o CMakeFiles/cmTC_5a128.dir/CheckIncludeFile.c.o   -c /home/martin/Work/libs/SDL2-2.0.10/build/CMakeFiles/CMakeTmp/CheckIncludeFile.c
/home/martin/Work/libs/SDL2-2.0.10/build/CMakeFiles/CMakeTmp/CheckIncludeFile.c:1:10: fatal error: alsa/asoundlib.h: No such file or directory
 #include <alsa/asoundlib.h>
          ^~~~~~~~~~~~~~~~~~
compilation terminated.
CMakeFiles/cmTC_5a128.dir/build.make:65: recipe for target 'CMakeFiles/cmTC_5a128.dir/CheckIncludeFile.c.o' failed
make[1]: *** [CMakeFiles/cmTC_5a128.dir/CheckIncludeFile.c.o] Error 1
make[1]: Leaving directory '/home/martin/Work/libs/SDL2-2.0.10/build/CMakeFiles/CMakeTmp'
Makefile:126: recipe for target 'cmTC_5a128/fast' failed
make: *** [cmTC_5a128/fast] Error 2


Determining if the include file audio/audiolib.h exists failed with the following output:
Change Dir: /home/martin/Work/libs/SDL2-2.0.10/build/CMakeFiles/CMakeTmp

Run Build Command:"/usr/bin/make" "cmTC_18e58/fast"
/usr/bin/make -f CMakeFiles/cmTC_18e58.dir/build.make CMakeFiles/cmTC_18e58.dir/build
make[1]: Entering directory '/home/martin/Work/libs/SDL2-2.0.10/build/CMakeFiles/CMakeTmp'
Building C object CMakeFiles/cmTC_18e58.dir/CheckIncludeFile.c.o
/usr/bin/cc   -g -O3 -idirafter /home/martin/Work/libs/SDL2-2.0.10/src/video/khronos    -o CMakeFiles/cmTC_18e58.dir/CheckIncludeFile.c.o   -c /home/martin/Work/libs/SDL2-2.0.10/build/CMakeFiles/CMakeTmp/CheckIncludeFile.c
/home/martin/Work/libs/SDL2-2.0.10/build/CMakeFiles/CMakeTmp/CheckIncludeFile.c:1:10: fatal error: audio/audiolib.h: No such file or directory
 #include <audio/audiolib.h>
          ^~~~~~~~~~~~~~~~~~
compilation terminated.
CMakeFiles/cmTC_18e58.dir/build.make:65: recipe for target 'CMakeFiles/cmTC_18e58.dir/CheckIncludeFile.c.o' failed
make[1]: *** [CMakeFiles/cmTC_18e58.dir/CheckIncludeFile.c.o] Error 1
make[1]: Leaving directory '/home/martin/Work/libs/SDL2-2.0.10/build/CMakeFiles/CMakeTmp'
Makefile:126: recipe for target 'cmTC_18e58/fast' failed
make: *** [cmTC_18e58/fast] Error 2


Determining if the include file sndio.h exists failed with the following output:
Change Dir: /home/martin/Work/libs/SDL2-2.0.10/build/CMakeFiles/CMakeTmp

Run Build Command:"/usr/bin/make" "cmTC_b71bd/fast"
/usr/bin/make -f CMakeFiles/cmTC_b71bd.dir/build.make CMakeFiles/cmTC_b71bd.dir/build
make[1]: Entering directory '/home/martin/Work/libs/SDL2-2.0.10/build/CMakeFiles/CMakeTmp'
Building C object CMakeFiles/cmTC_b71bd.dir/CheckIncludeFile.c.o
/usr/bin/cc   -g -O3 -idirafter /home/martin/Work/libs/SDL2-2.0.10/src/video/khronos    -o CMakeFiles/cmTC_b71bd.dir/CheckIncludeFile.c.o   -c /home/martin/Work/libs/SDL2-2.0.10/build/CMakeFiles/CMakeTmp/CheckIncludeFile.c
/home/martin/Work/libs/SDL2-2.0.10/build/CMakeFiles/CMakeTmp/CheckIncludeFile.c:1:10: fatal error: sndio.h: No such file or directory
 #include <sndio.h>
          ^~~~~~~~~
compilation terminated.
CMakeFiles/cmTC_b71bd.dir/build.make:65: recipe for target 'CMakeFiles/cmTC_b71bd.dir/CheckIncludeFile.c.o' failed
make[1]: *** [CMakeFiles/cmTC_b71bd.dir/CheckIncludeFile.c.o] Error 1
make[1]: Leaving directory '/home/martin/Work/libs/SDL2-2.0.10/build/CMakeFiles/CMakeTmp'
Makefile:126: recipe for target 'cmTC_b71bd/fast' failed
make: *** [cmTC_b71bd/fast] Error 2


Determining if the include file samplerate.h exists failed with the following output:
Change Dir: /home/martin/Work/libs/SDL2-2.0.10/build/CMakeFiles/CMakeTmp

Run Build Command:"/usr/bin/make" "cmTC_20ea1/fast"
/usr/bin/make -f CMakeFiles/cmTC_20ea1.dir/build.make CMakeFiles/cmTC_20ea1.dir/build
make[1]: Entering directory '/home/martin/Work/libs/SDL2-2.0.10/build/CMakeFiles/CMakeTmp'
Building C object CMakeFiles/cmTC_20ea1.dir/CheckIncludeFile.c.o
/usr/bin/cc   -g -O3 -idirafter /home/martin/Work/libs/SDL2-2.0.10/src/video/khronos    -o CMakeFiles/cmTC_20ea1.dir/CheckIncludeFile.c.o   -c /home/martin/Work/libs/SDL2-2.0.10/build/CMakeFiles/CMakeTmp/CheckIncludeFile.c
/home/martin/Work/libs/SDL2-2.0.10/build/CMakeFiles/CMakeTmp/CheckIncludeFile.c:1:10: fatal error: samplerate.h: No such file or directory
 #include <samplerate.h>
          ^~~~~~~~~~~~~~
compilation terminated.
CMakeFiles/cmTC_20ea1.dir/build.make:65: recipe for target 'CMakeFiles/cmTC_20ea1.dir/CheckIncludeFile.c.o' failed
make[1]: *** [CMakeFiles/cmTC_20ea1.dir/CheckIncludeFile.c.o] Error 1
make[1]: Leaving directory '/home/martin/Work/libs/SDL2-2.0.10/build/CMakeFiles/CMakeTmp'
Makefile:126: recipe for target 'cmTC_20ea1/fast' failed
make: *** [cmTC_20ea1/fast] Error 2


Performing C SOURCE FILE Test HAVE_VIDEO_RPI failed with the following output:
Change Dir: /home/martin/Work/libs/SDL2-2.0.10/build/CMakeFiles/CMakeTmp

Run Build Command:"/usr/bin/make" "cmTC_9a910/fast"
/usr/bin/make -f CMakeFiles/cmTC_9a910.dir/build.make CMakeFiles/cmTC_9a910.dir/build
make[1]: Entering directory '/home/martin/Work/libs/SDL2-2.0.10/build/CMakeFiles/CMakeTmp'
Building C object CMakeFiles/cmTC_9a910.dir/src.c.o
/usr/bin/cc   -g -O3 -idirafter /home/martin/Work/libs/SDL2-2.0.10/src/video/khronos -DHAVE_VIDEO_RPI  -I/opt/vc/include/interface/vmcs_host/linux/ -I/opt/vc/include/interface/vcos/pthreads -I/opt/vc/include  -L/opt/vc/lib   -o CMakeFiles/cmTC_9a910.dir/src.c.o   -c /home/martin/Work/libs/SDL2-2.0.10/build/CMakeFiles/CMakeTmp/src.c
/home/martin/Work/libs/SDL2-2.0.10/build/CMakeFiles/CMakeTmp/src.c:2:18: fatal error: bcm_host.h: No such file or directory
         #include <bcm_host.h>
                  ^~~~~~~~~~~~
compilation terminated.
CMakeFiles/cmTC_9a910.dir/build.make:65: recipe for target 'CMakeFiles/cmTC_9a910.dir/src.c.o' failed
make[1]: *** [CMakeFiles/cmTC_9a910.dir/src.c.o] Error 1
make[1]: Leaving directory '/home/martin/Work/libs/SDL2-2.0.10/build/CMakeFiles/CMakeTmp'
Makefile:126: recipe for target 'cmTC_9a910/fast' failed
make: *** [cmTC_9a910/fast] Error 2

Source file was:

        #include <bcm_host.h>
        int main(int argc, char **argv) {}
Determining if the include file X11/Xcursor/Xcursor.h exists failed with the following output:
Change Dir: /home/martin/Work/libs/SDL2-2.0.10/build/CMakeFiles/CMakeTmp

Run Build Command:"/usr/bin/make" "cmTC_ab6ac/fast"
/usr/bin/make -f CMakeFiles/cmTC_ab6ac.dir/build.make CMakeFiles/cmTC_ab6ac.dir/build
make[1]: Entering directory '/home/martin/Work/libs/SDL2-2.0.10/build/CMakeFiles/CMakeTmp'
Building C object CMakeFiles/cmTC_ab6ac.dir/CheckIncludeFile.c.o
/usr/bin/cc   -g -O3 -idirafter /home/martin/Work/libs/SDL2-2.0.10/src/video/khronos    -o CMakeFiles/cmTC_ab6ac.dir/CheckIncludeFile.c.o   -c /home/martin/Work/libs/SDL2-2.0.10/build/CMakeFiles/CMakeTmp/CheckIncludeFile.c
/home/martin/Work/libs/SDL2-2.0.10/build/CMakeFiles/CMakeTmp/CheckIncludeFile.c:1:10: fatal error: X11/Xcursor/Xcursor.h: No such file or directory
 #include <X11/Xcursor/Xcursor.h>
          ^~~~~~~~~~~~~~~~~~~~~~~
compilation terminated.
CMakeFiles/cmTC_ab6ac.dir/build.make:65: recipe for target 'CMakeFiles/cmTC_ab6ac.dir/CheckIncludeFile.c.o' failed
make[1]: *** [CMakeFiles/cmTC_ab6ac.dir/CheckIncludeFile.c.o] Error 1
make[1]: Leaving directory '/home/martin/Work/libs/SDL2-2.0.10/build/CMakeFiles/CMakeTmp'
Makefile:126: recipe for target 'cmTC_ab6ac/fast' failed
make: *** [cmTC_ab6ac/fast] Error 2


Determining if the include file X11/extensions/Xinerama.h exists failed with the following output:
Change Dir: /home/martin/Work/libs/SDL2-2.0.10/build/CMakeFiles/CMakeTmp

Run Build Command:"/usr/bin/make" "cmTC_a67dc/fast"
/usr/bin/make -f CMakeFiles/cmTC_a67dc.dir/build.make CMakeFiles/cmTC_a67dc.dir/build
make[1]: Entering directory '/home/martin/Work/libs/SDL2-2.0.10/build/CMakeFiles/CMakeTmp'
Building C object CMakeFiles/cmTC_a67dc.dir/CheckIncludeFile.c.o
/usr/bin/cc   -g -O3 -idirafter /home/martin/Work/libs/SDL2-2.0.10/src/video/khronos    -o CMakeFiles/cmTC_a67dc.dir/CheckIncludeFile.c.o   -c /home/martin/Work/libs/SDL2-2.0.10/build/CMakeFiles/CMakeTmp/CheckIncludeFile.c
/home/martin/Work/libs/SDL2-2.0.10/build/CMakeFiles/CMakeTmp/CheckIncludeFile.c:1:10: fatal error: X11/extensions/Xinerama.h: No such file or directory
 #include <X11/extensions/Xinerama.h>
          ^~~~~~~~~~~~~~~~~~~~~~~~~~~
compilation terminated.
CMakeFiles/cmTC_a67dc.dir/build.make:65: recipe for target 'CMakeFiles/cmTC_a67dc.dir/CheckIncludeFile.c.o' failed
make[1]: *** [CMakeFiles/cmTC_a67dc.dir/CheckIncludeFile.c.o] Error 1
make[1]: Leaving directory '/home/martin/Work/libs/SDL2-2.0.10/build/CMakeFiles/CMakeTmp'
Makefile:126: recipe for target 'cmTC_a67dc/fast' failed
make: *** [cmTC_a67dc/fast] Error 2


Determining if the include file X11/extensions/XInput2.h exists failed with the following output:
Change Dir: /home/martin/Work/libs/SDL2-2.0.10/build/CMakeFiles/CMakeTmp

Run Build Command:"/usr/bin/make" "cmTC_e9432/fast"
/usr/bin/make -f CMakeFiles/cmTC_e9432.dir/build.make CMakeFiles/cmTC_e9432.dir/build
make[1]: Entering directory '/home/martin/Work/libs/SDL2-2.0.10/build/CMakeFiles/CMakeTmp'
Building C object CMakeFiles/cmTC_e9432.dir/CheckIncludeFile.c.o
/usr/bin/cc   -g -O3 -idirafter /home/martin/Work/libs/SDL2-2.0.10/src/video/khronos    -o CMakeFiles/cmTC_e9432.dir/CheckIncludeFile.c.o   -c /home/martin/Work/libs/SDL2-2.0.10/build/CMakeFiles/CMakeTmp/CheckIncludeFile.c
/home/martin/Work/libs/SDL2-2.0.10/build/CMakeFiles/CMakeTmp/CheckIncludeFile.c:1:10: fatal error: X11/extensions/XInput2.h: No such file or directory
 #include <X11/extensions/XInput2.h>
          ^~~~~~~~~~~~~~~~~~~~~~~~~~
compilation terminated.
CMakeFiles/cmTC_e9432.dir/build.make:65: recipe for target 'CMakeFiles/cmTC_e9432.dir/CheckIncludeFile.c.o' failed
make[1]: *** [CMakeFiles/cmTC_e9432.dir/CheckIncludeFile.c.o] Error 1
make[1]: Leaving directory '/home/martin/Work/libs/SDL2-2.0.10/build/CMakeFiles/CMakeTmp'
Makefile:126: recipe for target 'cmTC_e9432/fast' failed
make: *** [cmTC_e9432/fast] Error 2


Determining if the include file X11/extensions/Xrandr.h exists failed with the following output:
Change Dir: /home/martin/Work/libs/SDL2-2.0.10/build/CMakeFiles/CMakeTmp

Run Build Command:"/usr/bin/make" "cmTC_b0f47/fast"
/usr/bin/make -f CMakeFiles/cmTC_b0f47.dir/build.make CMakeFiles/cmTC_b0f47.dir/build
make[1]: Entering directory '/home/martin/Work/libs/SDL2-2.0.10/build/CMakeFiles/CMakeTmp'
Building C object CMakeFiles/cmTC_b0f47.dir/CheckIncludeFile.c.o
/usr/bin/cc   -g -O3 -idirafter /home/martin/Work/libs/SDL2-2.0.10/src/video/khronos    -o CMakeFiles/cmTC_b0f47.dir/CheckIncludeFile.c.o   -c /home/martin/Work/libs/SDL2-2.0.10/build/CMakeFiles/CMakeTmp/CheckIncludeFile.c
/home/martin/Work/libs/SDL2-2.0.10/build/CMakeFiles/CMakeTmp/CheckIncludeFile.c:1:10: fatal error: X11/extensions/Xrandr.h: No such file or directory
 #include <X11/extensions/Xrandr.h>
          ^~~~~~~~~~~~~~~~~~~~~~~~~
compilation terminated.
CMakeFiles/cmTC_b0f47.dir/build.make:65: recipe for target 'CMakeFiles/cmTC_b0f47.dir/CheckIncludeFile.c.o' failed
make[1]: *** [CMakeFiles/cmTC_b0f47.dir/CheckIncludeFile.c.o] Error 1
make[1]: Leaving directory '/home/martin/Work/libs/SDL2-2.0.10/build/CMakeFiles/CMakeTmp'
Makefile:126: recipe for target 'cmTC_b0f47/fast' failed
make: *** [cmTC_b0f47/fast] Error 2


Determining if the include file X11/extensions/Xrender.h exists failed with the following output:
Change Dir: /home/martin/Work/libs/SDL2-2.0.10/build/CMakeFiles/CMakeTmp

Run Build Command:"/usr/bin/make" "cmTC_37fb8/fast"
/usr/bin/make -f CMakeFiles/cmTC_37fb8.dir/build.make CMakeFiles/cmTC_37fb8.dir/build
make[1]: Entering directory '/home/martin/Work/libs/SDL2-2.0.10/build/CMakeFiles/CMakeTmp'
Building C object CMakeFiles/cmTC_37fb8.dir/CheckIncludeFile.c.o
/usr/bin/cc   -g -O3 -idirafter /home/martin/Work/libs/SDL2-2.0.10/src/video/khronos    -o CMakeFiles/cmTC_37fb8.dir/CheckIncludeFile.c.o   -c /home/martin/Work/libs/SDL2-2.0.10/build/CMakeFiles/CMakeTmp/CheckIncludeFile.c
/home/martin/Work/libs/SDL2-2.0.10/build/CMakeFiles/CMakeTmp/CheckIncludeFile.c:1:10: fatal error: X11/extensions/Xrender.h: No such file or directory
 #include <X11/extensions/Xrender.h>
          ^~~~~~~~~~~~~~~~~~~~~~~~~~
compilation terminated.
CMakeFiles/cmTC_37fb8.dir/build.make:65: recipe for target 'CMakeFiles/cmTC_37fb8.dir/CheckIncludeFile.c.o' failed
make[1]: *** [CMakeFiles/cmTC_37fb8.dir/CheckIncludeFile.c.o] Error 1
make[1]: Leaving directory '/home/martin/Work/libs/SDL2-2.0.10/build/CMakeFiles/CMakeTmp'
Makefile:126: recipe for target 'cmTC_37fb8/fast' failed
make: *** [cmTC_37fb8/fast] Error 2


Determining if the include file X11/extensions/scrnsaver.h exists failed with the following output:
Change Dir: /home/martin/Work/libs/SDL2-2.0.10/build/CMakeFiles/CMakeTmp

Run Build Command:"/usr/bin/make" "cmTC_07036/fast"
/usr/bin/make -f CMakeFiles/cmTC_07036.dir/build.make CMakeFiles/cmTC_07036.dir/build
make[1]: Entering directory '/home/martin/Work/libs/SDL2-2.0.10/build/CMakeFiles/CMakeTmp'
Building C object CMakeFiles/cmTC_07036.dir/CheckIncludeFile.c.o
/usr/bin/cc   -g -O3 -idirafter /home/martin/Work/libs/SDL2-2.0.10/src/video/khronos    -o CMakeFiles/cmTC_07036.dir/CheckIncludeFile.c.o   -c /home/martin/Work/libs/SDL2-2.0.10/build/CMakeFiles/CMakeTmp/CheckIncludeFile.c
/home/martin/Work/libs/SDL2-2.0.10/build/CMakeFiles/CMakeTmp/CheckIncludeFile.c:1:10: fatal error: X11/extensions/scrnsaver.h: No such file or directory
 #include <X11/extensions/scrnsaver.h>
          ^~~~~~~~~~~~~~~~~~~~~~~~~~~~
compilation terminated.
CMakeFiles/cmTC_07036.dir/build.make:65: recipe for target 'CMakeFiles/cmTC_07036.dir/CheckIncludeFile.c.o' failed
make[1]: *** [CMakeFiles/cmTC_07036.dir/CheckIncludeFile.c.o] Error 1
make[1]: Leaving directory '/home/martin/Work/libs/SDL2-2.0.10/build/CMakeFiles/CMakeTmp'
Makefile:126: recipe for target 'cmTC_07036/fast' failed
make: *** [cmTC_07036/fast] Error 2


Determining if the include file X11/extensions/shape.h exists failed with the following output:
Change Dir: /home/martin/Work/libs/SDL2-2.0.10/build/CMakeFiles/CMakeTmp

Run Build Command:"/usr/bin/make" "cmTC_4b545/fast"
/usr/bin/make -f CMakeFiles/cmTC_4b545.dir/build.make CMakeFiles/cmTC_4b545.dir/build
make[1]: Entering directory '/home/martin/Work/libs/SDL2-2.0.10/build/CMakeFiles/CMakeTmp'
Building C object CMakeFiles/cmTC_4b545.dir/CheckIncludeFile.c.o
/usr/bin/cc   -g -O3 -idirafter /home/martin/Work/libs/SDL2-2.0.10/src/video/khronos    -o CMakeFiles/cmTC_4b545.dir/CheckIncludeFile.c.o   -c /home/martin/Work/libs/SDL2-2.0.10/build/CMakeFiles/CMakeTmp/CheckIncludeFile.c
/home/martin/Work/libs/SDL2-2.0.10/build/CMakeFiles/CMakeTmp/CheckIncludeFile.c:1:10: fatal error: X11/extensions/shape.h: No such file or directory
 #include <X11/extensions/shape.h>
          ^~~~~~~~~~~~~~~~~~~~~~~~
compilation terminated.
CMakeFiles/cmTC_4b545.dir/build.make:65: recipe for target 'CMakeFiles/cmTC_4b545.dir/CheckIncludeFile.c.o' failed
make[1]: *** [CMakeFiles/cmTC_4b545.dir/CheckIncludeFile.c.o] Error 1
make[1]: Leaving directory '/home/martin/Work/libs/SDL2-2.0.10/build/CMakeFiles/CMakeTmp'
Makefile:126: recipe for target 'cmTC_4b545/fast' failed
make: *** [cmTC_4b545/fast] Error 2


Determining if files X11/Xlib.h;X11/extensions/xf86vmode.h exist failed with the following output:
Change Dir: /home/martin/Work/libs/SDL2-2.0.10/build/CMakeFiles/CMakeTmp

Run Build Command:"/usr/bin/make" "cmTC_f32cf/fast"
/usr/bin/make -f CMakeFiles/cmTC_f32cf.dir/build.make CMakeFiles/cmTC_f32cf.dir/build
make[1]: Entering directory '/home/martin/Work/libs/SDL2-2.0.10/build/CMakeFiles/CMakeTmp'
Building C object CMakeFiles/cmTC_f32cf.dir/CheckIncludeFiles.c.o
/usr/bin/cc   -g -O3 -idirafter /home/martin/Work/libs/SDL2-2.0.10/src/video/khronos    -o CMakeFiles/cmTC_f32cf.dir/CheckIncludeFiles.c.o   -c /home/martin/Work/libs/SDL2-2.0.10/build/CMakeFiles/CMakeTmp/CheckIncludeFiles.c
/home/martin/Work/libs/SDL2-2.0.10/build/CMakeFiles/CMakeTmp/CheckIncludeFiles.c:2:10: fatal error: X11/Xlib.h: No such file or directory
 #include <X11/Xlib.h>
          ^~~~~~~~~~~~
compilation terminated.
CMakeFiles/cmTC_f32cf.dir/build.make:65: recipe for target 'CMakeFiles/cmTC_f32cf.dir/CheckIncludeFiles.c.o' failed
make[1]: *** [CMakeFiles/cmTC_f32cf.dir/CheckIncludeFiles.c.o] Error 1
make[1]: Leaving directory '/home/martin/Work/libs/SDL2-2.0.10/build/CMakeFiles/CMakeTmp'
Makefile:126: recipe for target 'cmTC_f32cf/fast' failed
make: *** [cmTC_f32cf/fast] Error 2

Source:
/* */
#include <X11/Xlib.h>
#include <X11/extensions/xf86vmode.h>


int main(void){return 0;}

Determining if files X11/Xlib.h;X11/Xproto.h;X11/extensions/Xext.h exist failed with the following output:
Change Dir: /home/martin/Work/libs/SDL2-2.0.10/build/CMakeFiles/CMakeTmp

Run Build Command:"/usr/bin/make" "cmTC_de85d/fast"
/usr/bin/make -f CMakeFiles/cmTC_de85d.dir/build.make CMakeFiles/cmTC_de85d.dir/build
make[1]: Entering directory '/home/martin/Work/libs/SDL2-2.0.10/build/CMakeFiles/CMakeTmp'
Building C object CMakeFiles/cmTC_de85d.dir/CheckIncludeFiles.c.o
/usr/bin/cc   -g -O3 -idirafter /home/martin/Work/libs/SDL2-2.0.10/src/video/khronos    -o CMakeFiles/cmTC_de85d.dir/CheckIncludeFiles.c.o   -c /home/martin/Work/libs/SDL2-2.0.10/build/CMakeFiles/CMakeTmp/CheckIncludeFiles.c
/home/martin/Work/libs/SDL2-2.0.10/build/CMakeFiles/CMakeTmp/CheckIncludeFiles.c:2:10: fatal error: X11/Xlib.h: No such file or directory
 #include <X11/Xlib.h>
          ^~~~~~~~~~~~
compilation terminated.
CMakeFiles/cmTC_de85d.dir/build.make:65: recipe for target 'CMakeFiles/cmTC_de85d.dir/CheckIncludeFiles.c.o' failed
make[1]: *** [CMakeFiles/cmTC_de85d.dir/CheckIncludeFiles.c.o] Error 1
make[1]: Leaving directory '/home/martin/Work/libs/SDL2-2.0.10/build/CMakeFiles/CMakeTmp'
Makefile:126: recipe for target 'cmTC_de85d/fast' failed
make: *** [cmTC_de85d/fast] Error 2

Source:
/* */
#include <X11/Xlib.h>
#include <X11/Xproto.h>
#include <X11/extensions/Xext.h>


int main(void){return 0;}

Performing C SOURCE FILE Test HAVE_VIDEO_OPENGL failed with the following output:
Change Dir: /home/martin/Work/libs/SDL2-2.0.10/build/CMakeFiles/CMakeTmp

Run Build Command:"/usr/bin/make" "cmTC_314f0/fast"
/usr/bin/make -f CMakeFiles/cmTC_314f0.dir/build.make CMakeFiles/cmTC_314f0.dir/build
make[1]: Entering directory '/home/martin/Work/libs/SDL2-2.0.10/build/CMakeFiles/CMakeTmp'
Building C object CMakeFiles/cmTC_314f0.dir/src.c.o
/usr/bin/cc   -g -O3 -idirafter /home/martin/Work/libs/SDL2-2.0.10/src/video/khronos -DHAVE_VIDEO_OPENGL   -o CMakeFiles/cmTC_314f0.dir/src.c.o   -c /home/martin/Work/libs/SDL2-2.0.10/build/CMakeFiles/CMakeTmp/src.c
/home/martin/Work/libs/SDL2-2.0.10/build/CMakeFiles/CMakeTmp/src.c:2:18: fatal error: GL/gl.h: No such file or directory
         #include <GL/gl.h>
                  ^~~~~~~~~
compilation terminated.
CMakeFiles/cmTC_314f0.dir/build.make:65: recipe for target 'CMakeFiles/cmTC_314f0.dir/src.c.o' failed
make[1]: *** [CMakeFiles/cmTC_314f0.dir/src.c.o] Error 1
make[1]: Leaving directory '/home/martin/Work/libs/SDL2-2.0.10/build/CMakeFiles/CMakeTmp'
Makefile:126: recipe for target 'cmTC_314f0/fast' failed
make: *** [cmTC_314f0/fast] Error 2

Source file was:

        #include <GL/gl.h>
        #include <GL/glx.h>
        int main(int argc, char** argv) {}
Performing C SOURCE FILE Test HAVE_VIDEO_OPENGL_EGL failed with the following output:
Change Dir: /home/martin/Work/libs/SDL2-2.0.10/build/CMakeFiles/CMakeTmp

Run Build Command:"/usr/bin/make" "cmTC_e6066/fast"
/usr/bin/make -f CMakeFiles/cmTC_e6066.dir/build.make CMakeFiles/cmTC_e6066.dir/build
make[1]: Entering directory '/home/martin/Work/libs/SDL2-2.0.10/build/CMakeFiles/CMakeTmp'
Building C object CMakeFiles/cmTC_e6066.dir/src.c.o
/usr/bin/cc   -g -O3 -idirafter /home/martin/Work/libs/SDL2-2.0.10/src/video/khronos -DHAVE_VIDEO_OPENGL_EGL   -o CMakeFiles/cmTC_e6066.dir/src.c.o   -c /home/martin/Work/libs/SDL2-2.0.10/build/CMakeFiles/CMakeTmp/src.c
In file included from /home/martin/Work/libs/SDL2-2.0.10/src/video/khronos/EGL/egl.h:39:0,
                 from /home/martin/Work/libs/SDL2-2.0.10/build/CMakeFiles/CMakeTmp/src.c:3:
/home/martin/Work/libs/SDL2-2.0.10/src/video/khronos/EGL/eglplatform.h:98:10: fatal error: X11/Xlib.h: No such file or directory
 #include <X11/Xlib.h>
          ^~~~~~~~~~~~
compilation terminated.
CMakeFiles/cmTC_e6066.dir/build.make:65: recipe for target 'CMakeFiles/cmTC_e6066.dir/src.c.o' failed
make[1]: *** [CMakeFiles/cmTC_e6066.dir/src.c.o] Error 1
make[1]: Leaving directory '/home/martin/Work/libs/SDL2-2.0.10/build/CMakeFiles/CMakeTmp'
Makefile:126: recipe for target 'cmTC_e6066/fast' failed
make: *** [cmTC_e6066/fast] Error 2

Source file was:

        #define EGL_API_FB
        #include <EGL/egl.h>
        int main (int argc, char** argv) {}
Performing C SOURCE FILE Test HAVE_VIDEO_OPENGLES_V1 failed with the following output:
Change Dir: /home/martin/Work/libs/SDL2-2.0.10/build/CMakeFiles/CMakeTmp

Run Build Command:"/usr/bin/make" "cmTC_2e6cd/fast"
/usr/bin/make -f CMakeFiles/cmTC_2e6cd.dir/build.make CMakeFiles/cmTC_2e6cd.dir/build
make[1]: Entering directory '/home/martin/Work/libs/SDL2-2.0.10/build/CMakeFiles/CMakeTmp'
Building C object CMakeFiles/cmTC_2e6cd.dir/src.c.o
/usr/bin/cc   -g -O3 -idirafter /home/martin/Work/libs/SDL2-2.0.10/src/video/khronos -DHAVE_VIDEO_OPENGLES_V1   -o CMakeFiles/cmTC_2e6cd.dir/src.c.o   -c /home/martin/Work/libs/SDL2-2.0.10/build/CMakeFiles/CMakeTmp/src.c
/home/martin/Work/libs/SDL2-2.0.10/build/CMakeFiles/CMakeTmp/src.c:2:16: fatal error: GLES/gl.h: No such file or directory
       #include <GLES/gl.h>
                ^~~~~~~~~~~
compilation terminated.
CMakeFiles/cmTC_2e6cd.dir/build.make:65: recipe for target 'CMakeFiles/cmTC_2e6cd.dir/src.c.o' failed
make[1]: *** [CMakeFiles/cmTC_2e6cd.dir/src.c.o] Error 1
make[1]: Leaving directory '/home/martin/Work/libs/SDL2-2.0.10/build/CMakeFiles/CMakeTmp'
Makefile:126: recipe for target 'cmTC_2e6cd/fast' failed
make: *** [cmTC_2e6cd/fast] Error 2

Source file was:

      #include <GLES/gl.h>
      #include <GLES/glext.h>
      int main (int argc, char** argv) {}
Performing C SOURCE FILE Test HAVE_VIDEO_VIVANTE_VDK failed with the following output:
Change Dir: /home/martin/Work/libs/SDL2-2.0.10/build/CMakeFiles/CMakeTmp

Run Build Command:"/usr/bin/make" "cmTC_8aaaf/fast"
/usr/bin/make -f CMakeFiles/cmTC_8aaaf.dir/build.make CMakeFiles/cmTC_8aaaf.dir/build
make[1]: Entering directory '/home/martin/Work/libs/SDL2-2.0.10/build/CMakeFiles/CMakeTmp'
Building C object CMakeFiles/cmTC_8aaaf.dir/src.c.o
/usr/bin/cc   -g -O3 -idirafter /home/martin/Work/libs/SDL2-2.0.10/src/video/khronos -DHAVE_VIDEO_VIVANTE_VDK   -o CMakeFiles/cmTC_8aaaf.dir/src.c.o   -c /home/martin/Work/libs/SDL2-2.0.10/build/CMakeFiles/CMakeTmp/src.c
/home/martin/Work/libs/SDL2-2.0.10/build/CMakeFiles/CMakeTmp/src.c:2:18: fatal error: gc_vdk.h: No such file or directory
         #include <gc_vdk.h>
                  ^~~~~~~~~~
compilation terminated.
CMakeFiles/cmTC_8aaaf.dir/build.make:65: recipe for target 'CMakeFiles/cmTC_8aaaf.dir/src.c.o' failed
make[1]: *** [CMakeFiles/cmTC_8aaaf.dir/src.c.o] Error 1
make[1]: Leaving directory '/home/martin/Work/libs/SDL2-2.0.10/build/CMakeFiles/CMakeTmp'
Makefile:126: recipe for target 'cmTC_8aaaf/fast' failed
make: *** [cmTC_8aaaf/fast] Error 2

Source file was:

        #include <gc_vdk.h>
        int main(int argc, char** argv) {}
Performing C SOURCE FILE Test HAVE_VIDEO_VIVANTE_EGL_FB failed with the following output:
Change Dir: /home/martin/Work/libs/SDL2-2.0.10/build/CMakeFiles/CMakeTmp

Run Build Command:"/usr/bin/make" "cmTC_c04a6/fast"
/usr/bin/make -f CMakeFiles/cmTC_c04a6.dir/build.make CMakeFiles/cmTC_c04a6.dir/build
make[1]: Entering directory '/home/martin/Work/libs/SDL2-2.0.10/build/CMakeFiles/CMakeTmp'
Building C object CMakeFiles/cmTC_c04a6.dir/src.c.o
/usr/bin/cc   -g -O3 -idirafter /home/martin/Work/libs/SDL2-2.0.10/src/video/khronos -DHAVE_VIDEO_VIVANTE_EGL_FB   -o CMakeFiles/cmTC_c04a6.dir/src.c.o   -c /home/martin/Work/libs/SDL2-2.0.10/build/CMakeFiles/CMakeTmp/src.c
/home/martin/Work/libs/SDL2-2.0.10/build/CMakeFiles/CMakeTmp/src.c:4:18: fatal error: EGL/eglvivante.h: No such file or directory
         #include <EGL/eglvivante.h>
                  ^~~~~~~~~~~~~~~~~~
compilation terminated.
CMakeFiles/cmTC_c04a6.dir/build.make:65: recipe for target 'CMakeFiles/cmTC_c04a6.dir/src.c.o' failed
make[1]: *** [CMakeFiles/cmTC_c04a6.dir/src.c.o] Error 1
make[1]: Leaving directory '/home/martin/Work/libs/SDL2-2.0.10/build/CMakeFiles/CMakeTmp'
Makefile:126: recipe for target 'cmTC_c04a6/fast' failed
make: *** [cmTC_c04a6/fast] Error 2

Source file was:

        #define LINUX
        #define EGL_API_FB
        #include <EGL/eglvivante.h>
        int main(int argc, char** argv) {}
Determining if the include file libudev.h exists failed with the following output:
Change Dir: /home/martin/Work/libs/SDL2-2.0.10/build/CMakeFiles/CMakeTmp

Run Build Command:"/usr/bin/make" "cmTC_6af79/fast"
/usr/bin/make -f CMakeFiles/cmTC_6af79.dir/build.make CMakeFiles/cmTC_6af79.dir/build
make[1]: Entering directory '/home/martin/Work/libs/SDL2-2.0.10/build/CMakeFiles/CMakeTmp'
Building C object CMakeFiles/cmTC_6af79.dir/CheckIncludeFile.c.o
/usr/bin/cc   -g -O3 -idirafter /home/martin/Work/libs/SDL2-2.0.10/src/video/khronos    -o CMakeFiles/cmTC_6af79.dir/CheckIncludeFile.c.o   -c /home/martin/Work/libs/SDL2-2.0.10/build/CMakeFiles/CMakeTmp/CheckIncludeFile.c
/home/martin/Work/libs/SDL2-2.0.10/build/CMakeFiles/CMakeTmp/CheckIncludeFile.c:1:10: fatal error: libudev.h: No such file or directory
 #include <libudev.h>
          ^~~~~~~~~~~
compilation terminated.
CMakeFiles/cmTC_6af79.dir/build.make:65: recipe for target 'CMakeFiles/cmTC_6af79.dir/CheckIncludeFile.c.o' failed
make[1]: *** [CMakeFiles/cmTC_6af79.dir/CheckIncludeFile.c.o] Error 1
make[1]: Leaving directory '/home/martin/Work/libs/SDL2-2.0.10/build/CMakeFiles/CMakeTmp'
Makefile:126: recipe for target 'cmTC_6af79/fast' failed
make: *** [cmTC_6af79/fast] Error 2


Determining if the include file fcitx/frontend.h exists failed with the following output:
Change Dir: /home/martin/Work/libs/SDL2-2.0.10/build/CMakeFiles/CMakeTmp

Run Build Command:"/usr/bin/make" "cmTC_dab81/fast"
/usr/bin/make -f CMakeFiles/cmTC_dab81.dir/build.make CMakeFiles/cmTC_dab81.dir/build
make[1]: Entering directory '/home/martin/Work/libs/SDL2-2.0.10/build/CMakeFiles/CMakeTmp'
Building C object CMakeFiles/cmTC_dab81.dir/CheckIncludeFile.c.o
/usr/bin/cc   -g -O3 -idirafter /home/martin/Work/libs/SDL2-2.0.10/src/video/khronos    -o CMakeFiles/cmTC_dab81.dir/CheckIncludeFile.c.o   -c /home/martin/Work/libs/SDL2-2.0.10/build/CMakeFiles/CMakeTmp/CheckIncludeFile.c
/home/martin/Work/libs/SDL2-2.0.10/build/CMakeFiles/CMakeTmp/CheckIncludeFile.c:1:10: fatal error: fcitx/frontend.h: No such file or directory
 #include <fcitx/frontend.h>
          ^~~~~~~~~~~~~~~~~~
compilation terminated.
CMakeFiles/cmTC_dab81.dir/build.make:65: recipe for target 'CMakeFiles/cmTC_dab81.dir/CheckIncludeFile.c.o' failed
make[1]: *** [CMakeFiles/cmTC_dab81.dir/CheckIncludeFile.c.o] Error 1
make[1]: Leaving directory '/home/martin/Work/libs/SDL2-2.0.10/build/CMakeFiles/CMakeTmp'
Makefile:126: recipe for target 'cmTC_dab81/fast' failed
make: *** [cmTC_dab81/fast] Error 2


Performing C SOURCE FILE Test HAVE_INPUT_TSLIB failed with the following output:
Change Dir: /home/martin/Work/libs/SDL2-2.0.10/build/CMakeFiles/CMakeTmp

Run Build Command:"/usr/bin/make" "cmTC_933b5/fast"
/usr/bin/make -f CMakeFiles/cmTC_933b5.dir/build.make CMakeFiles/cmTC_933b5.dir/build
make[1]: Entering directory '/home/martin/Work/libs/SDL2-2.0.10/build/CMakeFiles/CMakeTmp'
Building C object CMakeFiles/cmTC_933b5.dir/src.c.o
/usr/bin/cc   -g -O3 -idirafter /home/martin/Work/libs/SDL2-2.0.10/src/video/khronos -DHAVE_INPUT_TSLIB   -o CMakeFiles/cmTC_933b5.dir/src.c.o   -c /home/martin/Work/libs/SDL2-2.0.10/build/CMakeFiles/CMakeTmp/src.c
/home/martin/Work/libs/SDL2-2.0.10/build/CMakeFiles/CMakeTmp/src.c:2:18: fatal error: tslib.h: No such file or directory
         #include "tslib.h"
                  ^~~~~~~~~
compilation terminated.
CMakeFiles/cmTC_933b5.dir/build.make:65: recipe for target 'CMakeFiles/cmTC_933b5.dir/src.c.o' failed
make[1]: *** [CMakeFiles/cmTC_933b5.dir/src.c.o] Error 1
make[1]: Leaving directory '/home/martin/Work/libs/SDL2-2.0.10/build/CMakeFiles/CMakeTmp'
Makefile:126: recipe for target 'cmTC_933b5/fast' failed
make: *** [cmTC_933b5/fast] Error 2

Source file was:

        #include "tslib.h"
        int main(int argc, char** argv) { }
Determining if the function hid_init exists in the usbhid failed with the following output:
Change Dir: /home/martin/Work/libs/SDL2-2.0.10/build/CMakeFiles/CMakeTmp

Run Build Command:"/usr/bin/make" "cmTC_2997e/fast"
/usr/bin/make -f CMakeFiles/cmTC_2997e.dir/build.make CMakeFiles/cmTC_2997e.dir/build
make[1]: Entering directory '/home/martin/Work/libs/SDL2-2.0.10/build/CMakeFiles/CMakeTmp'
Building C object CMakeFiles/cmTC_2997e.dir/CheckFunctionExists.c.o
/usr/bin/cc   -g -O3 -idirafter /home/martin/Work/libs/SDL2-2.0.10/src/video/khronos -DCHECK_FUNCTION_EXISTS=hid_init   -o CMakeFiles/cmTC_2997e.dir/CheckFunctionExists.c.o   -c /usr/share/cmake-3.10/Modules/CheckFunctionExists.c
Linking C executable cmTC_2997e
/usr/bin/cmake -E cmake_link_script CMakeFiles/cmTC_2997e.dir/link.txt --verbose=1
/usr/bin/cc -g -O3 -idirafter /home/martin/Work/libs/SDL2-2.0.10/src/video/khronos -DCHECK_FUNCTION_EXISTS=hid_init    -rdynamic CMakeFiles/cmTC_2997e.dir/CheckFunctionExists.c.o  -o cmTC_2997e -lusbhid 
/usr/bin/ld: cannot find -lusbhid
collect2: error: ld returned 1 exit status
CMakeFiles/cmTC_2997e.dir/build.make:97: recipe for target 'cmTC_2997e' failed
make[1]: *** [cmTC_2997e] Error 1
make[1]: Leaving directory '/home/martin/Work/libs/SDL2-2.0.10/build/CMakeFiles/CMakeTmp'
Makefile:126: recipe for target 'cmTC_2997e/fast' failed
make: *** [cmTC_2997e/fast] Error 2


Determining if the include file usb.h exists failed with the following output:
Change Dir: /home/martin/Work/libs/SDL2-2.0.10/build/CMakeFiles/CMakeTmp

Run Build Command:"/usr/bin/make" "cmTC_e91af/fast"
/usr/bin/make -f CMakeFiles/cmTC_e91af.dir/build.make CMakeFiles/cmTC_e91af.dir/build
make[1]: Entering directory '/home/martin/Work/libs/SDL2-2.0.10/build/CMakeFiles/CMakeTmp'
Building C object CMakeFiles/cmTC_e91af.dir/CheckIncludeFile.c.o
/usr/bin/cc   -g -O3 -idirafter /home/martin/Work/libs/SDL2-2.0.10/src/video/khronos    -o CMakeFiles/cmTC_e91af.dir/CheckIncludeFile.c.o   -c /home/martin/Work/libs/SDL2-2.0.10/build/CMakeFiles/CMakeTmp/CheckIncludeFile.c
/home/martin/Work/libs/SDL2-2.0.10/build/CMakeFiles/CMakeTmp/CheckIncludeFile.c:1:10: fatal error: usb.h: No such file or directory
 #include <usb.h>
          ^~~~~~~
compilation terminated.
CMakeFiles/cmTC_e91af.dir/build.make:65: recipe for target 'CMakeFiles/cmTC_e91af.dir/CheckIncludeFile.c.o' failed
make[1]: *** [CMakeFiles/cmTC_e91af.dir/CheckIncludeFile.c.o] Error 1
make[1]: Leaving directory '/home/martin/Work/libs/SDL2-2.0.10/build/CMakeFiles/CMakeTmp'
Makefile:126: recipe for target 'cmTC_e91af/fast' failed
make: *** [cmTC_e91af/fast] Error 2


Determining if the include file libusb.h exists failed with the following output:
Change Dir: /home/martin/Work/libs/SDL2-2.0.10/build/CMakeFiles/CMakeTmp

Run Build Command:"/usr/bin/make" "cmTC_27b70/fast"
/usr/bin/make -f CMakeFiles/cmTC_27b70.dir/build.make CMakeFiles/cmTC_27b70.dir/build
make[1]: Entering directory '/home/martin/Work/libs/SDL2-2.0.10/build/CMakeFiles/CMakeTmp'
Building C object CMakeFiles/cmTC_27b70.dir/CheckIncludeFile.c.o
/usr/bin/cc   -g -O3 -idirafter /home/martin/Work/libs/SDL2-2.0.10/src/video/khronos    -o CMakeFiles/cmTC_27b70.dir/CheckIncludeFile.c.o   -c /home/martin/Work/libs/SDL2-2.0.10/build/CMakeFiles/CMakeTmp/CheckIncludeFile.c
/home/martin/Work/libs/SDL2-2.0.10/build/CMakeFiles/CMakeTmp/CheckIncludeFile.c:1:10: fatal error: libusb.h: No such file or directory
 #include <libusb.h>
          ^~~~~~~~~~
compilation terminated.
CMakeFiles/cmTC_27b70.dir/build.make:65: recipe for target 'CMakeFiles/cmTC_27b70.dir/CheckIncludeFile.c.o' failed
make[1]: *** [CMakeFiles/cmTC_27b70.dir/CheckIncludeFile.c.o] Error 1
make[1]: Leaving directory '/home/martin/Work/libs/SDL2-2.0.10/build/CMakeFiles/CMakeTmp'
Makefile:126: recipe for target 'cmTC_27b70/fast' failed
make: *** [cmTC_27b70/fast] Error 2


Determining if the function hid_init exists in the usb failed with the following output:
Change Dir: /home/martin/Work/libs/SDL2-2.0.10/build/CMakeFiles/CMakeTmp

Run Build Command:"/usr/bin/make" "cmTC_3066c/fast"
/usr/bin/make -f CMakeFiles/cmTC_3066c.dir/build.make CMakeFiles/cmTC_3066c.dir/build
make[1]: Entering directory '/home/martin/Work/libs/SDL2-2.0.10/build/CMakeFiles/CMakeTmp'
Building C object CMakeFiles/cmTC_3066c.dir/CheckFunctionExists.c.o
/usr/bin/cc   -g -O3 -idirafter /home/martin/Work/libs/SDL2-2.0.10/src/video/khronos -DCHECK_FUNCTION_EXISTS=hid_init   -o CMakeFiles/cmTC_3066c.dir/CheckFunctionExists.c.o   -c /usr/share/cmake-3.10/Modules/CheckFunctionExists.c
Linking C executable cmTC_3066c
/usr/bin/cmake -E cmake_link_script CMakeFiles/cmTC_3066c.dir/link.txt --verbose=1
/usr/bin/cc -g -O3 -idirafter /home/martin/Work/libs/SDL2-2.0.10/src/video/khronos -DCHECK_FUNCTION_EXISTS=hid_init    -rdynamic CMakeFiles/cmTC_3066c.dir/CheckFunctionExists.c.o  -o cmTC_3066c -lusb 
/usr/bin/ld: cannot find -lusb
collect2: error: ld returned 1 exit status
CMakeFiles/cmTC_3066c.dir/build.make:97: recipe for target 'cmTC_3066c' failed
make[1]: *** [cmTC_3066c] Error 1
make[1]: Leaving directory '/home/martin/Work/libs/SDL2-2.0.10/build/CMakeFiles/CMakeTmp'
Makefile:126: recipe for target 'cmTC_3066c/fast' failed
make: *** [cmTC_3066c/fast] Error 2


Performing C SOURCE FILE Test HAVE_USBHID failed with the following output:
Change Dir: /home/martin/Work/libs/SDL2-2.0.10/build/CMakeFiles/CMakeTmp

Run Build Command:"/usr/bin/make" "cmTC_109cf/fast"
/usr/bin/make -f CMakeFiles/cmTC_109cf.dir/build.make CMakeFiles/cmTC_109cf.dir/build
make[1]: Entering directory '/home/martin/Work/libs/SDL2-2.0.10/build/CMakeFiles/CMakeTmp'
Building C object CMakeFiles/cmTC_109cf.dir/src.c.o
/usr/bin/cc   -g -O3 -idirafter /home/martin/Work/libs/SDL2-2.0.10/src/video/khronos -DHAVE_USBHID   -o CMakeFiles/cmTC_109cf.dir/src.c.o   -c /home/martin/Work/libs/SDL2-2.0.10/build/CMakeFiles/CMakeTmp/src.c
/home/martin/Work/libs/SDL2-2.0.10/build/CMakeFiles/CMakeTmp/src.c:10:19: fatal error: dev/usb/usb.h: No such file or directory
         # include <dev/usb/usb.h>
                   ^~~~~~~~~~~~~~~
compilation terminated.
CMakeFiles/cmTC_109cf.dir/build.make:65: recipe for target 'CMakeFiles/cmTC_109cf.dir/src.c.o' failed
make[1]: *** [CMakeFiles/cmTC_109cf.dir/src.c.o] Error 1
make[1]: Leaving directory '/home/martin/Work/libs/SDL2-2.0.10/build/CMakeFiles/CMakeTmp'
Makefile:126: recipe for target 'cmTC_109cf/fast' failed
make: *** [cmTC_109cf/fast] Error 2

Source file was:

       #include <sys/types.h>
        #if defined(HAVE_USB_H)
        #include <usb.h>
        #endif
        #ifdef __DragonFly__
        # include <bus/usb/usb.h>
        # include <bus/usb/usbhid.h>
        #else
        # include <dev/usb/usb.h>
        # include <dev/usb/usbhid.h>
        #endif
        #if defined(HAVE_USBHID_H)
        #include <usbhid.h>
        #elif defined(HAVE_LIBUSB_H)
        #include <libusb.h>
        #elif defined(HAVE_LIBUSBHID_H)
        #include <libusbhid.h>
        #endif
        int main(int argc, char **argv) {
          struct report_desc *repdesc;
          struct usb_ctl_report *repbuf;
          hid_kind_t hidkind;
          return 0;
        }
Performing C SOURCE FILE Test HAVE_PTHREAD_NP_H failed with the following output:
Change Dir: /home/martin/Work/libs/SDL2-2.0.10/build/CMakeFiles/CMakeTmp

Run Build Command:"/usr/bin/make" "cmTC_2fbe0/fast"
/usr/bin/make -f CMakeFiles/cmTC_2fbe0.dir/build.make CMakeFiles/cmTC_2fbe0.dir/build
make[1]: Entering directory '/home/martin/Work/libs/SDL2-2.0.10/build/CMakeFiles/CMakeTmp'
Building C object CMakeFiles/cmTC_2fbe0.dir/src.c.o
/usr/bin/cc   -g -O3 -idirafter /home/martin/Work/libs/SDL2-2.0.10/src/video/khronos -DHAVE_PTHREAD_NP_H   -D_REENTRANT -pthread   -o CMakeFiles/cmTC_2fbe0.dir/src.c.o   -c /home/martin/Work/libs/SDL2-2.0.10/build/CMakeFiles/CMakeTmp/src.c
/home/martin/Work/libs/SDL2-2.0.10/build/CMakeFiles/CMakeTmp/src.c:3:20: fatal error: pthread_np.h: No such file or directory
           #include <pthread_np.h>
                    ^~~~~~~~~~~~~~
compilation terminated.
CMakeFiles/cmTC_2fbe0.dir/build.make:65: recipe for target 'CMakeFiles/cmTC_2fbe0.dir/src.c.o' failed
make[1]: *** [CMakeFiles/cmTC_2fbe0.dir/src.c.o] Error 1
make[1]: Leaving directory '/home/martin/Work/libs/SDL2-2.0.10/build/CMakeFiles/CMakeTmp'
Makefile:126: recipe for target 'cmTC_2fbe0/fast' failed
make: *** [cmTC_2fbe0/fast] Error 2

Source file was:

          #include <pthread.h>
          #include <pthread_np.h>
          int main(int argc, char** argv) { return 0; }
Determining if the function pthread_set_name_np exists failed with the following output:
Change Dir: /home/martin/Work/libs/SDL2-2.0.10/build/CMakeFiles/CMakeTmp

Run Build Command:"/usr/bin/make" "cmTC_2006b/fast"
/usr/bin/make -f CMakeFiles/cmTC_2006b.dir/build.make CMakeFiles/cmTC_2006b.dir/build
make[1]: Entering directory '/home/martin/Work/libs/SDL2-2.0.10/build/CMakeFiles/CMakeTmp'
Building C object CMakeFiles/cmTC_2006b.dir/CheckFunctionExists.c.o
/usr/bin/cc   -g -O3 -idirafter /home/martin/Work/libs/SDL2-2.0.10/src/video/khronos -DCHECK_FUNCTION_EXISTS=pthread_set_name_np   -D_REENTRANT -pthread   -o CMakeFiles/cmTC_2006b.dir/CheckFunctionExists.c.o   -c /usr/share/cmake-3.10/Modules/CheckFunctionExists.c
Linking C executable cmTC_2006b
/usr/bin/cmake -E cmake_link_script CMakeFiles/cmTC_2006b.dir/link.txt --verbose=1
/usr/bin/cc -g -O3 -idirafter /home/martin/Work/libs/SDL2-2.0.10/src/video/khronos -DCHECK_FUNCTION_EXISTS=pthread_set_name_np   -D_REENTRANT -pthread    -rdynamic CMakeFiles/cmTC_2006b.dir/CheckFunctionExists.c.o  -o cmTC_2006b 
CMakeFiles/cmTC_2006b.dir/CheckFunctionExists.c.o: In function `main':
/usr/share/cmake-3.10/Modules/CheckFunctionExists.c:17: undefined reference to `pthread_set_name_np'
collect2: error: ld returned 1 exit status
CMakeFiles/cmTC_2006b.dir/build.make:97: recipe for target 'cmTC_2006b' failed
make[1]: *** [cmTC_2006b] Error 1
make[1]: Leaving directory '/home/martin/Work/libs/SDL2-2.0.10/build/CMakeFiles/CMakeTmp'
Makefile:126: recipe for target 'cmTC_2006b/fast' failed
make: *** [cmTC_2006b/fast] Error 2


